<?xml version="1.0" encoding="UTF-8"?>
<testsuite xmlns:xsi="http://www.w3.org/2001/XMLSchema-instance" xsi:noNamespaceSchemaLocation="https://maven.apache.org/surefire/maven-surefire-plugin/xsd/surefire-test-report-3.0.xsd" version="3.0" name="com.curso.animalitos.common.validation.ValidacionesCompuestasTest" time="1.059" tests="7" errors="0" skipped="0" failures="0">
  <properties>
[...]
</properties>
  <testcase name="nombreValido_reportaUnaSolaViolacion_aunqueFallenVariasComposiciones" classname="com.curso.animalitos.common.validation.ValidacionesCompuestasTest" time="0.277">
    <system-out><![CDATA[18:57:47.317 [main] INFO org.hibernate.validator.internal.util.Version -- HV000001: Hibernate Validator 8.0.3.Final
]]></system-out>
  </testcase>
  <testcase name="nombreValido_aceptaValoresEnRango" classname="com.curso.animalitos.common.validation.ValidacionesCompuestasTest" time="0.004"/>
  <testcase name="edadValida_aceptaRangoCompleto" classname="com.curso.animalitos.common.validation.ValidacionesCompuestasTest" time="0.037"/>
  <testcase name="edadValida_rechazaFueraDeRangoONulo" classname="com.curso.animalitos.common.validation.ValidacionesCompuestasTest" time="0.003"/>
  <testcase name="especieValida_aceptaConocidas" classname="com.curso.animalitos.common.validation.ValidacionesCompuestasTest" time="0.024"/>
  <testcase name="nombreValido_rechazaNuloVacioOFueraDeRango" classname="com.curso.animalitos.common.validation.ValidacionesCompuestasTest" time="0.003"/>
  <testcase name="especieValida_rechazaDesconocidaOMinusculaONula" classname="com.curso.animalitos.common.validation.ValidacionesCompuestasTest" time="0.002"/>
</testsuite>