<?xml version="1.0" encoding="UTF-8"?>
<testsuite xmlns:xsi="http://www.w3.org/2001/XMLSchema-instance" xsi:noNamespaceSchemaLocation="https://maven.apache.org/surefire/maven-surefire-plugin/xsd/surefire-test-report-3.0.xsd" version="3.0" name="com.curso.animalitos.app.AnimalitosE2ETest" time="1.572" tests="1" errors="0" skipped="0" failures="0">
  <properties>
[...]
</properties>
  <testcase name="e2e_cicloCompletoConVerificacionEnBaseDeDatos" classname="com.curso.animalitos.app.AnimalitosE2ETest" time="0.712">
    <system-out><![CDATA[2026-04-29T18:35:53.687+02:00  INFO 13652 --- [           main] t.c.s.AnnotationConfigContextLoaderUtils : Could not detect default configuration classes for test class [com.curso.animalitos.app.AnimalitosE2ETest]: AnimalitosE2ETest does not declare any static, non-private, non-final, nested classes annotated with @Configuration.
2026-04-29T18:35:53.694+02:00  INFO 13652 --- [           main] .b.t.c.SpringBootTestContextBootstrapper : Found @SpringBootConfiguration com.curso.animalitos.app.AnimalitosApplication for test class com.curso.animalitos.app.AnimalitosE2ETest

  .   ____          _            __ _ _
 /\\ / ___'_ __ _ _(_)_ __  __ _ \ \ \ \
( ( )\___ | '_ | '_| | '_ \/ _` | \ \ \ \
 \\/  ___)| |_)| | | | | || (_| |  ) ) ) )
  '  |____| .__|_| |_|_| |_\__, | / / / /
 =========|_|==============|___/=/_/_/_/

 :: Spring Boot ::               (v3.5.14)

2026-04-29T18:35:53.729+02:00  INFO 13652 --- [           main] c.c.animalitos.app.AnimalitosE2ETest     : Starting AnimalitosE2ETest using Java 25.0.2 with PID 13652 (started by ivan in /Users/ivan/Documents/Cursos/formacionWebFlux/proyecto/animalitos-reactive/animalitos-app)
2026-04-29T18:35:53.729+02:00  INFO 13652 --- [           main] c.c.animalitos.app.AnimalitosE2ETest     : No active profile set, falling back to 1 default profile: "default"
2026-04-29T18:35:53.857+02:00  INFO 13652 --- [           main] .s.d.r.c.RepositoryConfigurationDelegate : Bootstrapping Spring Data R2DBC repositories in DEFAULT mode.
2026-04-29T18:35:53.863+02:00  INFO 13652 --- [           main] .s.d.r.c.RepositoryConfigurationDelegate : Finished Spring Data repository scanning in 4 ms. Found 1 R2DBC repository interface.
2026-04-29T18:35:54.214+02:00  WARN 13652 --- [           main] o.s.w.r.resource.ResourceHandlerUtils    : Appended trailing slash to static resource location: classpath:/META-INF/resources/webjars/swagger-ui/5.18.3/
2026-04-29T18:35:54.533+02:00  INFO 13652 --- [           main] o.s.b.web.embedded.netty.NettyWebServer  : Netty started on port 49844 (http)
2026-04-29T18:35:54.538+02:00  INFO 13652 --- [           main] c.c.animalitos.app.AnimalitosE2ETest     : Started AnimalitosE2ETest in 0.838 seconds (process running for 6.065)
]]></system-out>
  </testcase>
</testsuite>