<?xml version="1.0" encoding="UTF-8"?>
<testsuite xmlns:xsi="http://www.w3.org/2001/XMLSchema-instance" xsi:noNamespaceSchemaLocation="https://maven.apache.org/surefire/maven-surefire-plugin/xsd/surefire-test-report-3.0.xsd" version="3.0" name="com.curso.animalitos.service.impl.AnimalitosServiceImplContractTest" time="1.572" tests="10" errors="0" skipped="0" failures="0">
  <properties>
[...]
</properties>
  <testcase name="deleteAnimal_devuelvePresent_yLoQuita" classname="com.curso.animalitos.service.impl.AnimalitosServiceImplContractTest" time="1.456">
    <system-err><![CDATA[Mockito is currently self-attaching to enable the inline-mock-maker. This will no longer work in future releases of the JDK. Please add Mockito as an agent to your build as described in Mockito's documentation: https://javadoc.io/doc/org.mockito/mockito-core/latest/org.mockito/org/mockito/Mockito.html#0.3
WARNING: A Java agent has been loaded dynamically (/Users/ivan/.m2/repository/net/bytebuddy/byte-buddy-agent/1.17.8/byte-buddy-agent-1.17.8.jar)
WARNING: If a serviceability tool is in use, please run with -XX:+EnableDynamicAgentLoading to hide this warning
WARNING: If a serviceability tool is not in use, please run with -Djdk.instrument.traceUsage for more information
WARNING: Dynamic loading of agents will be disallowed by default in a future release
]]></system-err>
  </testcase>
  <testcase name="updateAnimal_modificaEspecieYEdad" classname="com.curso.animalitos.service.impl.AnimalitosServiceImplContractTest" time="0.011"/>
  <testcase name="createAnimal_lanzaYaExiste_siNombreRepetido" classname="com.curso.animalitos.service.impl.AnimalitosServiceImplContractTest" time="0.008"/>
  <testcase name="deleteAnimal_devuelveEmpty_siNoExiste" classname="com.curso.animalitos.service.impl.AnimalitosServiceImplContractTest" time="0.004"/>
  <testcase name="getAnimal_devuelvePresent_siExiste" classname="com.curso.animalitos.service.impl.AnimalitosServiceImplContractTest" time="0.004"/>
  <testcase name="createAnimal_devuelveAnimalConIdGenerado" classname="com.curso.animalitos.service.impl.AnimalitosServiceImplContractTest" time="0.007"/>
  <testcase name="getAnimal_devuelveEmpty_siNoExiste" classname="com.curso.animalitos.service.impl.AnimalitosServiceImplContractTest" time="0.003"/>
  <testcase name="updateAnimal_lanzaNoEncontrado_siIdNoExiste" classname="com.curso.animalitos.service.impl.AnimalitosServiceImplContractTest" time="0.007"/>
  <testcase name="getAllAnimales_devuelveListaVacia_siNoHayDatos" classname="com.curso.animalitos.service.impl.AnimalitosServiceImplContractTest" time="0.015"/>
  <testcase name="getAllAnimales_devuelveTodos" classname="com.curso.animalitos.service.impl.AnimalitosServiceImplContractTest" time="0.008"/>
</testsuite>