<?xml version="1.0" encoding="UTF-8"?>
<testsuite xmlns:xsi="http://www.w3.org/2001/XMLSchema-instance" xsi:noNamespaceSchemaLocation="https://maven.apache.org/surefire/maven-surefire-plugin/xsd/surefire-test-report-3.0.xsd" version="3.0" name="com.curso.animalitos.repository.impl.AnimalitosRepositoryJpaImplContractTest" time="7.158" tests="16" errors="0" skipped="0" failures="0">
  <properties>
[...]
</properties>
  <testcase name="findAll_devuelveListaVacia_siNoHayDatos" classname="com.curso.animalitos.repository.impl.AnimalitosRepositoryJpaImplContractTest" time="0.991">
    <system-out><![CDATA[15:54:03.855 [main] INFO org.springframework.test.context.support.AnnotationConfigContextLoaderUtils -- Could not detect default configuration classes for test class [com.curso.animalitos.repository.impl.AnimalitosRepositoryJpaImplContractTest]: AnimalitosRepositoryJpaImplContractTest does not declare any static, non-private, non-final, nested classes annotated with @Configuration.
15:54:04.092 [main] INFO org.springframework.boot.test.context.SpringBootTestContextBootstrapper -- Found @SpringBootConfiguration com.curso.animalitos.repository.impl.TestApplication for test class com.curso.animalitos.repository.impl.AnimalitosRepositoryJpaImplContractTest

  .   ____          _            __ _ _
 /\\ / ___'_ __ _ _(_)_ __  __ _ \ \ \ \
( ( )\___ | '_ | '_| | '_ \/ _` | \ \ \ \
 \\/  ___)| |_)| | | | | || (_| |  ) ) ) )
  '  |____| .__|_| |_|_| |_\__, | / / / /
 =========|_|==============|___/=/_/_/_/

 :: Spring Boot ::               (v3.5.14)

2026-04-28T15:54:04.814+02:00  INFO 59593 --- [           main] .AnimalitosRepositoryJpaImplContractTest : Starting AnimalitosRepositoryJpaImplContractTest using Java 25.0.2 with PID 59593 (started by ivan in /Users/ivan/Documents/Cursos/formacionWebFlux/proyecto/animalitos/animalitos-repository/impl)
2026-04-28T15:54:04.817+02:00  INFO 59593 --- [           main] .AnimalitosRepositoryJpaImplContractTest : No active profile set, falling back to 1 default profile: "default"
2026-04-28T15:54:05.412+02:00  INFO 59593 --- [           main] .s.d.r.c.RepositoryConfigurationDelegate : Bootstrapping Spring Data JPA repositories in DEFAULT mode.
2026-04-28T15:54:05.550+02:00  INFO 59593 --- [           main] .s.d.r.c.RepositoryConfigurationDelegate : Finished Spring Data repository scanning in 120 ms. Found 1 JPA repository interface.
2026-04-28T15:54:05.645+02:00  INFO 59593 --- [           main] beddedDataSourceBeanFactoryPostProcessor : Replacing 'dataSource' DataSource bean with embedded version
2026-04-28T15:54:05.830+02:00  INFO 59593 --- [           main] o.s.j.d.e.EmbeddedDatabaseFactory        : Starting embedded database: url='jdbc:h2:mem:d8a6169e-efd4-4d3d-8847-57d80c8a8173;DB_CLOSE_DELAY=-1;DB_CLOSE_ON_EXIT=false', username='sa'
2026-04-28T15:54:06.333+02:00  INFO 59593 --- [           main] o.hibernate.jpa.internal.util.LogHelper  : HHH000204: Processing PersistenceUnitInfo [name: default]
2026-04-28T15:54:06.415+02:00  INFO 59593 --- [           main] org.hibernate.Version                    : HHH000412: Hibernate ORM core version 6.6.49.Final
2026-04-28T15:54:06.470+02:00  INFO 59593 --- [           main] o.h.c.internal.RegionFactoryInitiator    : HHH000026: Second-level cache disabled
2026-04-28T15:54:06.924+02:00  INFO 59593 --- [           main] o.s.o.j.p.SpringPersistenceUnitInfo      : No LoadTimeWeaver setup: ignoring JPA class transformer
2026-04-28T15:54:07.055+02:00  INFO 59593 --- [           main] org.hibernate.orm.connections.pooling    : HHH10001005: Database info:
	Database JDBC URL [Connecting through datasource 'org.springframework.jdbc.datasource.embedded.EmbeddedDatabaseFactory$EmbeddedDataSourceProxy@2ec85a25']
	Database driver: undefined/unknown
	Database version: 2.3.232
	Autocommit mode: undefined/unknown
	Isolation level: undefined/unknown
	Minimum pool size: undefined/unknown
	Maximum pool size: undefined/unknown
2026-04-28T15:54:08.337+02:00  INFO 59593 --- [           main] o.h.e.t.j.p.i.JtaPlatformInitiator       : HHH000489: No JTA platform available (set 'hibernate.transaction.jta.platform' to enable JTA platform integration)
Hibernate: drop table if exists animalitos cascade 
Hibernate: create table animalitos (edad integer not null, id bigint generated by default as identity, especie varchar(30) not null, nombre varchar(60) not null, public_id varchar(64) not null, primary key (id))
2026-04-28T15:54:08.390+02:00  INFO 59593 --- [           main] j.LocalContainerEntityManagerFactoryBean : Initialized JPA EntityManagerFactory for persistence unit 'default'
2026-04-28T15:54:09.091+02:00  INFO 59593 --- [           main] .AnimalitosRepositoryJpaImplContractTest : Started AnimalitosRepositoryJpaImplContractTest in 4.883 seconds (process running for 6.633)
Hibernate: select ae1_0.id,ae1_0.edad,ae1_0.especie,ae1_0.nombre,ae1_0.public_id from animalitos ae1_0
Hibernate: select ae1_0.id,ae1_0.edad,ae1_0.especie,ae1_0.nombre,ae1_0.public_id from animalitos ae1_0
]]></system-out>
    <system-err><![CDATA[Mockito is currently self-attaching to enable the inline-mock-maker. This will no longer work in future releases of the JDK. Please add Mockito as an agent to your build as described in Mockito's documentation: https://javadoc.io/doc/org.mockito/mockito-core/latest/org.mockito/org/mockito/Mockito.html#0.3
WARNING: A Java agent has been loaded dynamically (/Users/ivan/.m2/repository/net/bytebuddy/byte-buddy-agent/1.17.8/byte-buddy-agent-1.17.8.jar)
WARNING: If a serviceability tool is in use, please run with -XX:+EnableDynamicAgentLoading to hide this warning
WARNING: If a serviceability tool is not in use, please run with -Djdk.instrument.traceUsage for more information
WARNING: Dynamic loading of agents will be disallowed by default in a future release
]]></system-err>
  </testcase>
  <testcase name="update_modificaEspecieYEdad_yPreservaNombre" classname="com.curso.animalitos.repository.impl.AnimalitosRepositoryJpaImplContractTest" time="0.337">
    <system-out><![CDATA[Hibernate: select ae1_0.id,ae1_0.edad,ae1_0.especie,ae1_0.nombre,ae1_0.public_id from animalitos ae1_0
Hibernate: insert into animalitos (edad,especie,nombre,public_id,id) values (?,?,?,?,default)
Hibernate: select ae1_0.id,ae1_0.edad,ae1_0.especie,ae1_0.nombre,ae1_0.public_id from animalitos ae1_0 where ae1_0.public_id=?
Hibernate: select ae1_0.id,ae1_0.edad,ae1_0.especie,ae1_0.nombre,ae1_0.public_id from animalitos ae1_0 where ae1_0.id=?
Hibernate: update animalitos set edad=?,especie=?,nombre=?,public_id=? where id=?
]]></system-out>
  </testcase>
  <testcase name="create_rechazaAnimalConNombreInvalido" classname="com.curso.animalitos.repository.impl.AnimalitosRepositoryJpaImplContractTest" time="0.032">
    <system-out><![CDATA[Hibernate: select ae1_0.id,ae1_0.edad,ae1_0.especie,ae1_0.nombre,ae1_0.public_id from animalitos ae1_0
Hibernate: delete from animalitos where id=?
]]></system-out>
  </testcase>
  <testcase name="create_devuelveAnimalConIdGenerado" classname="com.curso.animalitos.repository.impl.AnimalitosRepositoryJpaImplContractTest" time="0.016">
    <system-out><![CDATA[Hibernate: select ae1_0.id,ae1_0.edad,ae1_0.especie,ae1_0.nombre,ae1_0.public_id from animalitos ae1_0
Hibernate: insert into animalitos (edad,especie,nombre,public_id,id) values (?,?,?,?,default)
]]></system-out>
  </testcase>
  <testcase name="update_rechazaIdEnBlanco" classname="com.curso.animalitos.repository.impl.AnimalitosRepositoryJpaImplContractTest" time="0.027">
    <system-out><![CDATA[Hibernate: select ae1_0.id,ae1_0.edad,ae1_0.especie,ae1_0.nombre,ae1_0.public_id from animalitos ae1_0
Hibernate: delete from animalitos where id=?
]]></system-out>
  </testcase>
  <testcase name="create_noPersisteSiLosDatosSonInvalidos" classname="com.curso.animalitos.repository.impl.AnimalitosRepositoryJpaImplContractTest" time="0.016">
    <system-out><![CDATA[Hibernate: select ae1_0.id,ae1_0.edad,ae1_0.especie,ae1_0.nombre,ae1_0.public_id from animalitos ae1_0
Hibernate: select ae1_0.id,ae1_0.edad,ae1_0.especie,ae1_0.nombre,ae1_0.public_id from animalitos ae1_0
]]></system-out>
  </testcase>
  <testcase name="deleteById_rechazaIdEnBlanco" classname="com.curso.animalitos.repository.impl.AnimalitosRepositoryJpaImplContractTest" time="0.011">
    <system-out><![CDATA[Hibernate: select ae1_0.id,ae1_0.edad,ae1_0.especie,ae1_0.nombre,ae1_0.public_id from animalitos ae1_0
]]></system-out>
  </testcase>
  <testcase name="create_rechazaAnimalConEdadInvalida" classname="com.curso.animalitos.repository.impl.AnimalitosRepositoryJpaImplContractTest" time="0.011">
    <system-out><![CDATA[Hibernate: select ae1_0.id,ae1_0.edad,ae1_0.especie,ae1_0.nombre,ae1_0.public_id from animalitos ae1_0
]]></system-out>
  </testcase>
  <testcase name="deleteById_devuelveAnimalEliminado_yLoQuita" classname="com.curso.animalitos.repository.impl.AnimalitosRepositoryJpaImplContractTest" time="0.042">
    <system-out><![CDATA[Hibernate: select ae1_0.id,ae1_0.edad,ae1_0.especie,ae1_0.nombre,ae1_0.public_id from animalitos ae1_0
Hibernate: insert into animalitos (edad,especie,nombre,public_id,id) values (?,?,?,?,default)
Hibernate: select ae1_0.id,ae1_0.edad,ae1_0.especie,ae1_0.nombre,ae1_0.public_id from animalitos ae1_0 where ae1_0.public_id=?
Hibernate: select ae1_0.id,ae1_0.edad,ae1_0.especie,ae1_0.nombre,ae1_0.public_id from animalitos ae1_0 where ae1_0.id=?
Hibernate: delete from animalitos where id=?
Hibernate: select ae1_0.id,ae1_0.edad,ae1_0.especie,ae1_0.nombre,ae1_0.public_id from animalitos ae1_0 where ae1_0.public_id=?
]]></system-out>
  </testcase>
  <testcase name="findById_rechazaIdEnBlanco" classname="com.curso.animalitos.repository.impl.AnimalitosRepositoryJpaImplContractTest" time="0.011">
    <system-out><![CDATA[Hibernate: select ae1_0.id,ae1_0.edad,ae1_0.especie,ae1_0.nombre,ae1_0.public_id from animalitos ae1_0
]]></system-out>
  </testcase>
  <testcase name="create_rechazaAnimalConEspecieInvalida" classname="com.curso.animalitos.repository.impl.AnimalitosRepositoryJpaImplContractTest" time="0.012">
    <system-out><![CDATA[Hibernate: select ae1_0.id,ae1_0.edad,ae1_0.especie,ae1_0.nombre,ae1_0.public_id from animalitos ae1_0
]]></system-out>
  </testcase>
  <testcase name="deleteById_devuelveEmpty_siNoExiste" classname="com.curso.animalitos.repository.impl.AnimalitosRepositoryJpaImplContractTest" time="0.013">
    <system-out><![CDATA[Hibernate: select ae1_0.id,ae1_0.edad,ae1_0.especie,ae1_0.nombre,ae1_0.public_id from animalitos ae1_0
Hibernate: select ae1_0.id,ae1_0.edad,ae1_0.especie,ae1_0.nombre,ae1_0.public_id from animalitos ae1_0 where ae1_0.public_id=?
]]></system-out>
  </testcase>
  <testcase name="findById_devuelvePresent_siExiste" classname="com.curso.animalitos.repository.impl.AnimalitosRepositoryJpaImplContractTest" time="0.019">
    <system-out><![CDATA[Hibernate: select ae1_0.id,ae1_0.edad,ae1_0.especie,ae1_0.nombre,ae1_0.public_id from animalitos ae1_0
Hibernate: insert into animalitos (edad,especie,nombre,public_id,id) values (?,?,?,?,default)
Hibernate: select ae1_0.id,ae1_0.edad,ae1_0.especie,ae1_0.nombre,ae1_0.public_id from animalitos ae1_0 where ae1_0.public_id=?
]]></system-out>
  </testcase>
  <testcase name="update_lanzaNoEncontrado_siIdNoExiste" classname="com.curso.animalitos.repository.impl.AnimalitosRepositoryJpaImplContractTest" time="0.026">
    <system-out><![CDATA[Hibernate: select ae1_0.id,ae1_0.edad,ae1_0.especie,ae1_0.nombre,ae1_0.public_id from animalitos ae1_0
Hibernate: delete from animalitos where id=?
Hibernate: select ae1_0.id,ae1_0.edad,ae1_0.especie,ae1_0.nombre,ae1_0.public_id from animalitos ae1_0 where ae1_0.public_id=?
]]></system-out>
  </testcase>
  <testcase name="findById_devuelveEmpty_siNoExiste" classname="com.curso.animalitos.repository.impl.AnimalitosRepositoryJpaImplContractTest" time="0.014">
    <system-out><![CDATA[Hibernate: select ae1_0.id,ae1_0.edad,ae1_0.especie,ae1_0.nombre,ae1_0.public_id from animalitos ae1_0
Hibernate: select ae1_0.id,ae1_0.edad,ae1_0.especie,ae1_0.nombre,ae1_0.public_id from animalitos ae1_0 where ae1_0.public_id=?
]]></system-out>
  </testcase>
  <testcase name="findAll_devuelveTodos" classname="com.curso.animalitos.repository.impl.AnimalitosRepositoryJpaImplContractTest" time="0.031">
    <system-out><![CDATA[Hibernate: select ae1_0.id,ae1_0.edad,ae1_0.especie,ae1_0.nombre,ae1_0.public_id from animalitos ae1_0
Hibernate: insert into animalitos (edad,especie,nombre,public_id,id) values (?,?,?,?,default)
Hibernate: insert into animalitos (edad,especie,nombre,public_id,id) values (?,?,?,?,default)
Hibernate: insert into animalitos (edad,especie,nombre,public_id,id) values (?,?,?,?,default)
Hibernate: select ae1_0.id,ae1_0.edad,ae1_0.especie,ae1_0.nombre,ae1_0.public_id from animalitos ae1_0
]]></system-out>
  </testcase>
</testsuite>