<?xml version="1.0" encoding="UTF-8"?>
<testsuite xmlns:xsi="http://www.w3.org/2001/XMLSchema-instance" xsi:noNamespaceSchemaLocation="https://maven.apache.org/surefire/maven-surefire-plugin/xsd/surefire-test-report-3.0.xsd" version="3.0" name="com.curso.animalitos.repository.impl.entities.AnimalEntityTest" time="0.014" tests="10" errors="0" skipped="0" failures="0">
  <properties>
[...]
</properties>
  <testcase name="elCampoPublicIdSeMapeaAColumnaPublicIdNotNull" classname="com.curso.animalitos.repository.impl.entities.AnimalEntityTest" time="0.001"/>
  <testcase name="elCampoIdEsLaClavePrimariaConGeneracionIdentity" classname="com.curso.animalitos.repository.impl.entities.AnimalEntityTest" time="0.001"/>
  <testcase name="elCampoNombreSeMapeaAColumnaNombreConLongitud60" classname="com.curso.animalitos.repository.impl.entities.AnimalEntityTest" time="0.0"/>
  <testcase name="elCampoEdadSeMapeaAColumnaEdadNotNull" classname="com.curso.animalitos.repository.impl.entities.AnimalEntityTest" time="0.001"/>
  <testcase name="elCampoEspecieSeMapeaAColumnaEspecieConLongitud30" classname="com.curso.animalitos.repository.impl.entities.AnimalEntityTest" time="0.001"/>
  <testcase name="laClaseEstaAnotadaComoEntityYMapeaALaTablaAnimalitos" classname="com.curso.animalitos.repository.impl.entities.AnimalEntityTest" time="0.001"/>
  <testcase name="elConstructorConTodosLosArgumentosAsignaCadaCampo" classname="com.curso.animalitos.repository.impl.entities.AnimalEntityTest" time="0.001"/>
  <testcase name="dosEntidadesNuevasTienenPublicIdsDistintos" classname="com.curso.animalitos.repository.impl.entities.AnimalEntityTest" time="0.0"/>
  <testcase name="losSettersDeLombokModificanLosCampos" classname="com.curso.animalitos.repository.impl.entities.AnimalEntityTest" time="0.0"/>
  <testcase name="elConstructorVacioInicializaPublicIdConUnUuidValido" classname="com.curso.animalitos.repository.impl.entities.AnimalEntityTest" time="0.001"/>
</testsuite>